app/build/outputs/logs/manifest-merger-debug-report.txt
-- Merging decision tree log ---
manifest
ADDED from src\main\AndroidManifest.xml:2:1-98:12
INJECTED from src\main\AndroidManifest.xml:2:1-98:12
INJECTED from src\main\AndroidManifest.xml:2:1-98:12
INJECTED from src\main\AndroidManifest.xml:2:1-98:12
MERGED from [:lib] AndroidManifest.xml:2:1-18:12
MERGED from [com.github.timigod:android-chat-ui:v0.1.4] AndroidManifest.xml:2:1-17:12
MERGED from [androidx.legacy:legacy-support-v4:1.0.0] AndroidManifest.xml:17:1-22:12
MERGED from [com.hbb20:ccp:2.2.3] AndroidManifest.xml:2:1-17:12
MERGED from [com.github.levitnudi:LegacyTableView:master-SNAPSHOT] AndroidManifest.xml:2:1-17:12
MERGED from [com.cleveroad:audiovisualization:1.0.0] AndroidManifest.xml:2:1-12:12
MERGED from [com.futuremind.recyclerfastscroll:fastscroll:0.2.5] AndroidManifest.xml:2:1-13:12
MERGED from [pl.tajchert:waitingdots:0.2.0] AndroidManifest.xml:2:1-14:12
MERGED from [androidx.constraintlayout:constraintlayout:2.0.0-alpha2] AndroidManifest.xml:2:1-11:12
MERGED from [com.google.android.material:material:1.0.0] AndroidManifest.xml:17:1-24:12
MERGED from [androidx.appcompat:appcompat:1.0.2] AndroidManifest.xml:17:1-22:12
MERGED from [androidx.vectordrawable:vectordrawable-animated:1.0.0] AndroidManifest.xml:17:1-22:12
MERGED from [androidx.vectordrawable:vectordrawable:1.0.1] AndroidManifest.xml:17:1-22:12
MERGED from [androidx.cardview:cardview:1.0.0] AndroidManifest.xml:17:1-22:12
MERGED from [de.hdodenhof:circleimageview:2.2.0] AndroidManifest.xml:2:1-11:12
MERGED from [com.jakewharton:butterknife:8.5.1] AndroidManifest.xml:2:1-7:12
MERGED from [com.squareup.picasso:picasso:2.71828] AndroidManifest.xml:2:1-14:12
MERGED from [com.github.hedzr:android-file-chooser:v1.1.10] AndroidManifest.xml:2:1-14:12
MERGED from [com.github.PhilJay:MPAndroidChart:v3.1.0-alpha] AndroidManifest.xml:2:1-20:12
MERGED from [com.amazonaws:aws-android-sdk-appsync:2.6.28] AndroidManifest.xml:2:1-14:12
MERGED from [com.amazonaws:aws-android-sdk-mobile-client:2.9.2] AndroidManifest.xml:2:1-9:12
MERGED from [com.amazonaws:aws-android-sdk-auth-userpools:2.9.2] AndroidManifest.xml:2:1-17:80
MERGED from [com.amazonaws:aws-android-sdk-auth-core:2.9.2] AndroidManifest.xml:2:1-4:80
MERGED from [androidx.exifinterface:exifinterface:1.0.0-rc01] AndroidManifest.xml:17:1-22:12
MERGED from [androidx.media:media:1.0.0] AndroidManifest.xml:17:1-22:12
MERGED from [androidx.fragment:fragment:1.0.0] AndroidManifest.xml:17:1-22:12
MERGED from [androidx.recyclerview:recyclerview:1.0.0] AndroidManifest.xml:17:1-22:12
MERGED from [androidx.legacy:legacy-support-core-ui:1.0.0] AndroidManifest.xml:17:1-22:12
MERGED from [androidx.legacy:legacy-support-core-utils:1.0.0] AndroidManifest.xml:17:1-22:12
MERGED from [androidx.loader:loader:1.0.0] AndroidManifest.xml:17:1-22:12
MERGED from [androidx.viewpager:viewpager:1.0.0] AndroidManifest.xml:17:1-22:12
MERGED from [androidx.coordinatorlayout:coordinatorlayout:1.0.0] AndroidManifest.xml:17:1-22:12
MERGED from [androidx.drawerlayout:drawerlayout:1.0.0] AndroidManifest.xml:17:1-22:12
MERGED from [androidx.slidingpanelayout:slidingpanelayout:1.0.0] AndroidManifest.xml:17:1-22:12
MERGED from [androidx.customview:customview:1.0.0] AndroidManifest.xml:17:1-22:12
MERGED from [androidx.swiperefreshlayout:swiperefreshlayout:1.0.0] AndroidManifest.xml:17:1-22:12
MERGED from [androidx.asynclayoutinflater:asynclayoutinflater:1.0.0] AndroidManifest.xml:17:1-22:12
MERGED from [androidx.transition:transition:1.0.0] AndroidManifest.xml:17:1-22:12
MERGED from [androidx.core:core:1.0.1] AndroidManifest.xml:17:1-24:12
MERGED from [androidx.versionedparcelable:versionedparcelable:1.0.0] AndroidManifest.xml:17:1-25:12
MERGED from [androidx.cursoradapter:cursoradapter:1.0.0] AndroidManifest.xml:17:1-22:12
MERGED from [androidx.documentfile:documentfile:1.0.0] AndroidManifest.xml:17:1-22:12
MERGED from [androidx.localbroadcastmanager:localbroadcastmanager:1.0.0] AndroidManifest.xml:17:1-22:12
MERGED from [androidx.print:print:1.0.0] AndroidManifest.xml:17:1-22:12
MERGED from [androidx.lifecycle:lifecycle-viewmodel:2.0.0] AndroidManifest.xml:17:1-22:12
MERGED from [androidx.interpolator:interpolator:1.0.0] AndroidManifest.xml:17:1-22:12
MERGED from [androidx.lifecycle:lifecycle-livedata:2.0.0] AndroidManifest.xml:17:1-22:12
MERGED from [androidx.lifecycle:lifecycle-livedata-core:2.0.0] AndroidManifest.xml:17:1-22:12
MERGED from [androidx.arch.core:core-runtime:2.0.0] AndroidManifest.xml:17:1-22:12
MERGED from [androidx.lifecycle:lifecycle-runtime:2.0.0] AndroidManifest.xml:17:1-22:12
MERGED from [com.kailashdabhi:om-recorder:1.1.0] AndroidManifest.xml:2:1-19:12
MERGED from [io.michaelrocks:libphonenumber-android:8.9.14] AndroidManifest.xml:2:1-11:12
INJECTED from src\main\AndroidManifest.xml:2:1-98:12
INJECTED from src\main\AndroidManifest.xml:2:1-98:12
INJECTED from src\main\AndroidManifest.xml:2:1-98:12
	package
		ADDED from src\main\AndroidManifest.xml:4:5-55
		INJECTED from src\main\AndroidManifest.xml
		INJECTED from src\main\AndroidManifest.xml
	android:versionName
		INJECTED from src\main\AndroidManifest.xml
		ADDED from src\main\AndroidManifest.xml:2:1-98:12
		INJECTED from src\main\AndroidManifest.xml
	xmlns:tools
		ADDED from src\main\AndroidManifest.xml:3:5-51
	android:versionCode
		INJECTED from src\main\AndroidManifest.xml
		ADDED from src\main\AndroidManifest.xml:2:1-98:12
		INJECTED from src\main\AndroidManifest.xml
	xmlns:android
		ADDED from src\main\AndroidManifest.xml:2:11-69
uses-permission#android.permission.RECORD_AUDIO
ADDED from src\main\AndroidManifest.xml:6:5-71
MERGED from [com.kailashdabhi:om-recorder:1.1.0] AndroidManifest.xml:9:5-71
MERGED from [com.kailashdabhi:om-recorder:1.1.0] AndroidManifest.xml:9:5-71
	android:name
		ADDED from src\main\AndroidManifest.xml:6:22-68
uses-permission#android.permission.WRITE_EXTERNAL_STORAGE
ADDED from src\main\AndroidManifest.xml:7:5-81
MERGED from [com.kailashdabhi:om-recorder:1.1.0] AndroidManifest.xml:10:5-81
MERGED from [com.kailashdabhi:om-recorder:1.1.0] AndroidManifest.xml:10:5-81
	android:name
		ADDED from src\main\AndroidManifest.xml:7:22-78
uses-permission#android.permission.READ_EXTERNAL_STORAGE
ADDED from src\main\AndroidManifest.xml:8:5-80
MERGED from [com.kailashdabhi:om-recorder:1.1.0] AndroidManifest.xml:11:5-80
MERGED from [com.kailashdabhi:om-recorder:1.1.0] AndroidManifest.xml:11:5-80
	android:name
		ADDED from src\main\AndroidManifest.xml:8:22-77
uses-permission#android.permission.WAKE_LOCK
ADDED from src\main\AndroidManifest.xml:9:5-68
	android:name
		ADDED from src\main\AndroidManifest.xml:9:22-65
uses-permission#android.permission.READ_PHONE_STATE
ADDED from src\main\AndroidManifest.xml:10:5-75
	android:name
		ADDED from src\main\AndroidManifest.xml:10:22-72
uses-permission#android.permission.INTERNET
ADDED from src\main\AndroidManifest.xml:11:5-67
MERGED from [com.amazonaws:aws-android-sdk-appsync:2.6.28] AndroidManifest.xml:11:5-67
MERGED from [com.amazonaws:aws-android-sdk-appsync:2.6.28] AndroidManifest.xml:11:5-67
MERGED from [com.amazonaws:aws-android-sdk-mobile-client:2.9.2] AndroidManifest.xml:6:5-66
MERGED from [com.amazonaws:aws-android-sdk-mobile-client:2.9.2] AndroidManifest.xml:6:5-66
MERGED from [com.amazonaws:aws-android-sdk-auth-userpools:2.9.2] AndroidManifest.xml:4:5-66
MERGED from [com.amazonaws:aws-android-sdk-auth-userpools:2.9.2] AndroidManifest.xml:4:5-66
	android:name
		ADDED from src\main\AndroidManifest.xml:11:22-64
uses-permission#android.permission.ACCESS_NETWORK_STATE
ADDED from src\main\AndroidManifest.xml:12:5-79
MERGED from [com.amazonaws:aws-android-sdk-appsync:2.6.28] AndroidManifest.xml:12:5-79
MERGED from [com.amazonaws:aws-android-sdk-appsync:2.6.28] AndroidManifest.xml:12:5-79
MERGED from [com.amazonaws:aws-android-sdk-mobile-client:2.9.2] AndroidManifest.xml:7:5-78
MERGED from [com.amazonaws:aws-android-sdk-mobile-client:2.9.2] AndroidManifest.xml:7:5-78
MERGED from [com.amazonaws:aws-android-sdk-auth-userpools:2.9.2] AndroidManifest.xml:5:5-78
MERGED from [com.amazonaws:aws-android-sdk-auth-userpools:2.9.2] AndroidManifest.xml:5:5-78
	android:name
		ADDED from src\main\AndroidManifest.xml:12:22-76
application
ADDED from src\main\AndroidManifest.xml:14:5-96:19
MERGED from [:lib] AndroidManifest.xml:11:5-16:19
MERGED from [:lib] AndroidManifest.xml:11:5-16:19
MERGED from [com.github.timigod:android-chat-ui:v0.1.4] AndroidManifest.xml:11:5-15:19
MERGED from [com.github.timigod:android-chat-ui:v0.1.4] AndroidManifest.xml:11:5-15:19
MERGED from [com.hbb20:ccp:2.2.3] AndroidManifest.xml:11:5-15:19
MERGED from [com.hbb20:ccp:2.2.3] AndroidManifest.xml:11:5-15:19
MERGED from [com.github.levitnudi:LegacyTableView:master-SNAPSHOT] AndroidManifest.xml:11:5-15:19
MERGED from [com.github.levitnudi:LegacyTableView:master-SNAPSHOT] AndroidManifest.xml:11:5-15:19
MERGED from [com.futuremind.recyclerfastscroll:fastscroll:0.2.5] AndroidManifest.xml:11:5-20
MERGED from [com.futuremind.recyclerfastscroll:fastscroll:0.2.5] AndroidManifest.xml:11:5-20
MERGED from [pl.tajchert:waitingdots:0.2.0] AndroidManifest.xml:11:5-12:19
MERGED from [pl.tajchert:waitingdots:0.2.0] AndroidManifest.xml:11:5-12:19
MERGED from [androidx.constraintlayout:constraintlayout:2.0.0-alpha2] AndroidManifest.xml:9:5-20
MERGED from [androidx.constraintlayout:constraintlayout:2.0.0-alpha2] AndroidManifest.xml:9:5-20
MERGED from [com.google.android.material:material:1.0.0] AndroidManifest.xml:22:5-20
MERGED from [com.google.android.material:material:1.0.0] AndroidManifest.xml:22:5-20
MERGED from [de.hdodenhof:circleimageview:2.2.0] AndroidManifest.xml:9:5-20
MERGED from [de.hdodenhof:circleimageview:2.2.0] AndroidManifest.xml:9:5-20
MERGED from [com.squareup.picasso:picasso:2.71828] AndroidManifest.xml:7:5-12:19
MERGED from [com.squareup.picasso:picasso:2.71828] AndroidManifest.xml:7:5-12:19
MERGED from [com.github.hedzr:android-file-chooser:v1.1.10] AndroidManifest.xml:11:5-12:19
MERGED from [com.github.hedzr:android-file-chooser:v1.1.10] AndroidManifest.xml:11:5-12:19
MERGED from [com.amazonaws:aws-android-sdk-auth-userpools:2.9.2] AndroidManifest.xml:8:6-16:20
MERGED from [com.amazonaws:aws-android-sdk-auth-userpools:2.9.2] AndroidManifest.xml:8:6-16:20
MERGED from [androidx.core:core:1.0.1] AndroidManifest.xml:22:5-89
MERGED from [androidx.core:core:1.0.1] AndroidManifest.xml:22:5-89
MERGED from [androidx.versionedparcelable:versionedparcelable:1.0.0] AndroidManifest.xml:22:5-23:19
MERGED from [androidx.versionedparcelable:versionedparcelable:1.0.0] AndroidManifest.xml:22:5-23:19
MERGED from [com.kailashdabhi:om-recorder:1.1.0] AndroidManifest.xml:13:5-17:19
MERGED from [com.kailashdabhi:om-recorder:1.1.0] AndroidManifest.xml:13:5-17:19
	android:appComponentFactory
		ADDED from [androidx.core:core:1.0.1] AndroidManifest.xml:22:18-86
	android:supportsRtl
		ADDED from [com.github.timigod:android-chat-ui:v0.1.4] AndroidManifest.xml:14:9-35
	android:label
		ADDED from src\main\AndroidManifest.xml:18:9-41
	android:hardwareAccelerated
		ADDED from src\main\AndroidManifest.xml:16:9-43
	tools:ignore
		ADDED from src\main\AndroidManifest.xml:20:9-48
	android:icon
		ADDED from src\main\AndroidManifest.xml:17:9-43
	android:allowBackup
		ADDED from src\main\AndroidManifest.xml:15:9-35
	android:theme
		ADDED from src\main\AndroidManifest.xml:19:9-40
service#com.amazonaws.mobileconnectors.s3.transferutility.TransferService
ADDED from src\main\AndroidManifest.xml:21:9-23:38
	android:enabled
		ADDED from src\main\AndroidManifest.xml:23:13-35
	android:name
		ADDED from src\main\AndroidManifest.xml:22:13-93
activity#cafe.adriel.androidaudiorecorder.example.MainActivity
ADDED from src\main\AndroidManifest.xml:25:9-28:74
	android:parentActivityName
		ADDED from src\main\AndroidManifest.xml:28:13-71
	android:exported
		ADDED from src\main\AndroidManifest.xml:27:13-36
	android:name
		ADDED from src\main\AndroidManifest.xml:26:13-41
activity#cafe.adriel.androidaudiorecorder.example.StudentMActivity
ADDED from src\main\AndroidManifest.xml:29:9-34:59
	android:parentActivityName
		ADDED from src\main\AndroidManifest.xml:33:13-48
	android:label
		ADDED from src\main\AndroidManifest.xml:32:13-61
	android:exported
		ADDED from src\main\AndroidManifest.xml:31:13-36
	android:theme
		ADDED from src\main\AndroidManifest.xml:34:13-56
	android:name
		ADDED from src\main\AndroidManifest.xml:30:13-45
activity#cafe.adriel.androidaudiorecorder.example.studentSelectInstrumentsMain
ADDED from src\main\AndroidManifest.xml:35:9-40:59
	android:parentActivityName
		ADDED from src\main\AndroidManifest.xml:39:13-59
	android:label
		ADDED from src\main\AndroidManifest.xml:38:13-67
	android:exported
		ADDED from src\main\AndroidManifest.xml:37:13-36
	android:theme
		ADDED from src\main\AndroidManifest.xml:40:13-56
	android:name
		ADDED from src\main\AndroidManifest.xml:36:13-57
activity#cafe.adriel.androidaudiorecorder.example.edit_profile
ADDED from src\main\AndroidManifest.xml:41:9-46:59
	android:parentActivityName
		ADDED from src\main\AndroidManifest.xml:45:13-59
	android:label
		ADDED from src\main\AndroidManifest.xml:44:13-64
	android:exported
		ADDED from src\main\AndroidManifest.xml:43:13-36
	android:theme
		ADDED from src\main\AndroidManifest.xml:46:13-56
	android:name
		ADDED from src\main\AndroidManifest.xml:42:13-41
activity#cafe.adriel.androidaudiorecorder.example.login
ADDED from src\main\AndroidManifest.xml:47:9-52:47
	android:parentActivityName
		ADDED from src\main\AndroidManifest.xml:51:13-50
	android:label
		ADDED from src\main\AndroidManifest.xml:50:13-33
	android:exported
		ADDED from src\main\AndroidManifest.xml:49:13-36
	android:theme
		ADDED from src\main\AndroidManifest.xml:52:13-44
	android:name
		ADDED from src\main\AndroidManifest.xml:48:13-34
activity#cafe.adriel.androidaudiorecorder.example.TeacherMain
ADDED from src\main\AndroidManifest.xml:53:9-58:59
	android:parentActivityName
		ADDED from src\main\AndroidManifest.xml:57:13-48
	android:label
		ADDED from src\main\AndroidManifest.xml:56:13-64
	android:exported
		ADDED from src\main\AndroidManifest.xml:55:13-36
	android:theme
		ADDED from src\main\AndroidManifest.xml:58:13-56
	android:name
		ADDED from src\main\AndroidManifest.xml:54:13-40
activity#cafe.adriel.androidaudiorecorder.example.signup
ADDED from src\main\AndroidManifest.xml:59:9-64:59
	android:parentActivityName
		ADDED from src\main\AndroidManifest.xml:63:13-48
	android:label
		ADDED from src\main\AndroidManifest.xml:62:13-58
	android:exported
		ADDED from src\main\AndroidManifest.xml:61:13-36
	android:theme
		ADDED from src\main\AndroidManifest.xml:64:13-56
	android:name
		ADDED from src\main\AndroidManifest.xml:60:13-35
activity#cafe.adriel.androidaudiorecorder.example.teachercardtest
ADDED from src\main\AndroidManifest.xml:65:9-68:59
	android:exported
		ADDED from src\main\AndroidManifest.xml:67:13-36
	android:theme
		ADDED from src\main\AndroidManifest.xml:68:13-56
	android:name
		ADDED from src\main\AndroidManifest.xml:66:13-44
activity#cafe.adriel.androidaudiorecorder.example.conform
ADDED from src\main\AndroidManifest.xml:69:9-71:44
	android:label
		ADDED from src\main\AndroidManifest.xml:71:13-41
	android:name
		ADDED from src\main\AndroidManifest.xml:70:13-36
activity#cafe.adriel.androidaudiorecorder.example.welcome
ADDED from src\main\AndroidManifest.xml:72:9-81:20
	android:exported
		ADDED from src\main\AndroidManifest.xml:74:13-36
	android:theme
		ADDED from src\main\AndroidManifest.xml:75:13-56
	android:name
		ADDED from src\main\AndroidManifest.xml:73:13-36
intent-filter#action:name:android.intent.action.MAIN+category:name:android.intent.category.LAUNCHER
ADDED from src\main\AndroidManifest.xml:76:13-80:29
action#android.intent.action.MAIN
ADDED from src\main\AndroidManifest.xml:77:17-69
	android:name
		ADDED from src\main\AndroidManifest.xml:77:25-66
category#android.intent.category.LAUNCHER
ADDED from src\main\AndroidManifest.xml:79:17-77
	android:name
		ADDED from src\main\AndroidManifest.xml:79:27-74
activity#cafe.adriel.androidaudiorecorder.example.TeacherSearch
ADDED from src\main\AndroidManifest.xml:82:9-87:47
	android:parentActivityName
		ADDED from src\main\AndroidManifest.xml:86:13-59
	android:label
		ADDED from src\main\AndroidManifest.xml:85:13-35
	android:exported
		ADDED from src\main\AndroidManifest.xml:84:13-36
	android:theme
		ADDED from src\main\AndroidManifest.xml:87:13-44
	android:name
		ADDED from src\main\AndroidManifest.xml:83:13-42
activity#cafe.adriel.androidaudiorecorder.example.StudentProfile
ADDED from src\main\AndroidManifest.xml:88:9-91:57
	android:parentActivityName
		ADDED from src\main\AndroidManifest.xml:91:13-54
	android:exported
		ADDED from src\main\AndroidManifest.xml:90:13-36
	android:name
		ADDED from src\main\AndroidManifest.xml:89:13-43
activity#cafe.adriel.androidaudiorecorder.example.TeacherProfile
ADDED from src\main\AndroidManifest.xml:92:9-95:71
	android:parentActivityName
		ADDED from src\main\AndroidManifest.xml:95:13-59
	android:exported
		ADDED from src\main\AndroidManifest.xml:94:13-36
	android:name
		ADDED from src\main\AndroidManifest.xml:93:13-43
uses-sdk
INJECTED from src\main\AndroidManifest.xml reason: use-sdk injection requested
INJECTED from src\main\AndroidManifest.xml
INJECTED from src\main\AndroidManifest.xml
MERGED from [:lib] AndroidManifest.xml:7:5-9:41
MERGED from [:lib] AndroidManifest.xml:7:5-9:41
MERGED from [com.github.timigod:android-chat-ui:v0.1.4] AndroidManifest.xml:7:5-9:41
MERGED from [com.github.timigod:android-chat-ui:v0.1.4] AndroidManifest.xml:7:5-9:41
MERGED from [androidx.legacy:legacy-support-v4:1.0.0] AndroidManifest.xml:20:5-44
MERGED from [androidx.legacy:legacy-support-v4:1.0.0] AndroidManifest.xml:20:5-44
MERGED from [com.hbb20:ccp:2.2.3] AndroidManifest.xml:7:5-9:41
MERGED from [com.hbb20:ccp:2.2.3] AndroidManifest.xml:7:5-9:41
MERGED from [com.github.levitnudi:LegacyTableView:master-SNAPSHOT] AndroidManifest.xml:7:5-9:41
MERGED from [com.github.levitnudi:LegacyTableView:master-SNAPSHOT] AndroidManifest.xml:7:5-9:41
MERGED from [com.cleveroad:audiovisualization:1.0.0] AndroidManifest.xml:8:5-10:41
MERGED from [com.cleveroad:audiovisualization:1.0.0] AndroidManifest.xml:8:5-10:41
MERGED from [com.futuremind.recyclerfastscroll:fastscroll:0.2.5] AndroidManifest.xml:7:5-9:41
MERGED from [com.futuremind.recyclerfastscroll:fastscroll:0.2.5] AndroidManifest.xml:7:5-9:41
MERGED from [pl.tajchert:waitingdots:0.2.0] AndroidManifest.xml:7:5-9:41
MERGED from [pl.tajchert:waitingdots:0.2.0] AndroidManifest.xml:7:5-9:41
MERGED from [androidx.constraintlayout:constraintlayout:2.0.0-alpha2] AndroidManifest.xml:5:5-7:41
MERGED from [androidx.constraintlayout:constraintlayout:2.0.0-alpha2] AndroidManifest.xml:5:5-7:41
MERGED from [com.google.android.material:material:1.0.0] AndroidManifest.xml:20:5-44
MERGED from [com.google.android.material:material:1.0.0] AndroidManifest.xml:20:5-44
MERGED from [androidx.appcompat:appcompat:1.0.2] AndroidManifest.xml:20:5-44
MERGED from [androidx.appcompat:appcompat:1.0.2] AndroidManifest.xml:20:5-44
MERGED from [androidx.vectordrawable:vectordrawable-animated:1.0.0] AndroidManifest.xml:20:5-44
MERGED from [androidx.vectordrawable:vectordrawable-animated:1.0.0] AndroidManifest.xml:20:5-44
MERGED from [androidx.vectordrawable:vectordrawable:1.0.1] AndroidManifest.xml:20:5-44
MERGED from [androidx.vectordrawable:vectordrawable:1.0.1] AndroidManifest.xml:20:5-44
MERGED from [androidx.cardview:cardview:1.0.0] AndroidManifest.xml:20:5-44
MERGED from [androidx.cardview:cardview:1.0.0] AndroidManifest.xml:20:5-44
MERGED from [de.hdodenhof:circleimageview:2.2.0] AndroidManifest.xml:5:5-7:41
MERGED from [de.hdodenhof:circleimageview:2.2.0] AndroidManifest.xml:5:5-7:41
MERGED from [com.jakewharton:butterknife:8.5.1] AndroidManifest.xml:5:5-43
MERGED from [com.jakewharton:butterknife:8.5.1] AndroidManifest.xml:5:5-43
MERGED from [com.squareup.picasso:picasso:2.71828] AndroidManifest.xml:5:5-44
MERGED from [com.squareup.picasso:picasso:2.71828] AndroidManifest.xml:5:5-44
MERGED from [com.github.hedzr:android-file-chooser:v1.1.10] AndroidManifest.xml:7:5-9:41
MERGED from [com.github.hedzr:android-file-chooser:v1.1.10] AndroidManifest.xml:7:5-9:41
MERGED from [com.github.PhilJay:MPAndroidChart:v3.1.0-alpha] AndroidManifest.xml:16:5-18:41
MERGED from [com.github.PhilJay:MPAndroidChart:v3.1.0-alpha] AndroidManifest.xml:16:5-18:41
MERGED from [com.amazonaws:aws-android-sdk-appsync:2.6.28] AndroidManifest.xml:7:5-9:41
MERGED from [com.amazonaws:aws-android-sdk-appsync:2.6.28] AndroidManifest.xml:7:5-9:41
MERGED from [com.amazonaws:aws-android-sdk-mobile-client:2.9.2] AndroidManifest.xml:4:5-73
MERGED from [com.amazonaws:aws-android-sdk-mobile-client:2.9.2] AndroidManifest.xml:4:5-73
MERGED from [com.amazonaws:aws-android-sdk-auth-userpools:2.9.2] AndroidManifest.xml:17:1-69
MERGED from [com.amazonaws:aws-android-sdk-auth-userpools:2.9.2] AndroidManifest.xml:17:1-69
MERGED from [com.amazonaws:aws-android-sdk-auth-core:2.9.2] AndroidManifest.xml:4:1-69
MERGED from [com.amazonaws:aws-android-sdk-auth-core:2.9.2] AndroidManifest.xml:4:1-69
MERGED from [androidx.exifinterface:exifinterface:1.0.0-rc01] AndroidManifest.xml:20:5-44
MERGED from [androidx.exifinterface:exifinterface:1.0.0-rc01] AndroidManifest.xml:20:5-44
MERGED from [androidx.media:media:1.0.0] AndroidManifest.xml:20:5-44
MERGED from [androidx.media:media:1.0.0] AndroidManifest.xml:20:5-44
MERGED from [androidx.fragment:fragment:1.0.0] AndroidManifest.xml:20:5-44
MERGED from [androidx.fragment:fragment:1.0.0] AndroidManifest.xml:20:5-44
MERGED from [androidx.recyclerview:recyclerview:1.0.0] AndroidManifest.xml:20:5-44
MERGED from [androidx.recyclerview:recyclerview:1.0.0] AndroidManifest.xml:20:5-44
MERGED from [androidx.legacy:legacy-support-core-ui:1.0.0] AndroidManifest.xml:20:5-44
MERGED from [androidx.legacy:legacy-support-core-ui:1.0.0] AndroidManifest.xml:20:5-44
MERGED from [androidx.legacy:legacy-support-core-utils:1.0.0] AndroidManifest.xml:20:5-44
MERGED from [androidx.legacy:legacy-support-core-utils:1.0.0] AndroidManifest.xml:20:5-44
MERGED from [androidx.loader:loader:1.0.0] AndroidManifest.xml:20:5-44
MERGED from [androidx.loader:loader:1.0.0] AndroidManifest.xml:20:5-44
MERGED from [androidx.viewpager:viewpager:1.0.0] AndroidManifest.xml:20:5-44
MERGED from [androidx.viewpager:viewpager:1.0.0] AndroidManifest.xml:20:5-44
MERGED from [androidx.coordinatorlayout:coordinatorlayout:1.0.0] AndroidManifest.xml:20:5-44
MERGED from [androidx.coordinatorlayout:coordinatorlayout:1.0.0] AndroidManifest.xml:20:5-44
MERGED from [androidx.drawerlayout:drawerlayout:1.0.0] AndroidManifest.xml:20:5-44
MERGED from [androidx.drawerlayout:drawerlayout:1.0.0] AndroidManifest.xml:20:5-44
MERGED from [androidx.slidingpanelayout:slidingpanelayout:1.0.0] AndroidManifest.xml:20:5-44
MERGED from [androidx.slidingpanelayout:slidingpanelayout:1.0.0] AndroidManifest.xml:20:5-44
MERGED from [androidx.customview:customview:1.0.0] AndroidManifest.xml:20:5-44
MERGED from [androidx.customview:customview:1.0.0] AndroidManifest.xml:20:5-44
MERGED from [androidx.swiperefreshlayout:swiperefreshlayout:1.0.0] AndroidManifest.xml:20:5-44
MERGED from [androidx.swiperefreshlayout:swiperefreshlayout:1.0.0] AndroidManifest.xml:20:5-44
MERGED from [androidx.asynclayoutinflater:asynclayoutinflater:1.0.0] AndroidManifest.xml:20:5-44
MERGED from [androidx.asynclayoutinflater:asynclayoutinflater:1.0.0] AndroidManifest.xml:20:5-44
MERGED from [androidx.transition:transition:1.0.0] AndroidManifest.xml:20:5-44
MERGED from [androidx.transition:transition:1.0.0] AndroidManifest.xml:20:5-44
MERGED from [androidx.core:core:1.0.1] AndroidManifest.xml:20:5-44
MERGED from [androidx.core:core:1.0.1] AndroidManifest.xml:20:5-44
MERGED from [androidx.versionedparcelable:versionedparcelable:1.0.0] AndroidManifest.xml:20:5-44
MERGED from [androidx.versionedparcelable:versionedparcelable:1.0.0] AndroidManifest.xml:20:5-44
MERGED from [androidx.cursoradapter:cursoradapter:1.0.0] AndroidManifest.xml:20:5-44
MERGED from [androidx.cursoradapter:cursoradapter:1.0.0] AndroidManifest.xml:20:5-44
MERGED from [androidx.documentfile:documentfile:1.0.0] AndroidManifest.xml:20:5-44
MERGED from [androidx.documentfile:documentfile:1.0.0] AndroidManifest.xml:20:5-44
MERGED from [androidx.localbroadcastmanager:localbroadcastmanager:1.0.0] AndroidManifest.xml:20:5-44
MERGED from [androidx.localbroadcastmanager:localbroadcastmanager:1.0.0] AndroidManifest.xml:20:5-44
MERGED from [androidx.print:print:1.0.0] AndroidManifest.xml:20:5-44
MERGED from [androidx.print:print:1.0.0] AndroidManifest.xml:20:5-44
MERGED from [androidx.lifecycle:lifecycle-viewmodel:2.0.0] AndroidManifest.xml:20:5-44
MERGED from [androidx.lifecycle:lifecycle-viewmodel:2.0.0] AndroidManifest.xml:20:5-44
MERGED from [androidx.interpolator:interpolator:1.0.0] AndroidManifest.xml:20:5-44
MERGED from [androidx.interpolator:interpolator:1.0.0] AndroidManifest.xml:20:5-44
MERGED from [androidx.lifecycle:lifecycle-livedata:2.0.0] AndroidManifest.xml:20:5-44
MERGED from [androidx.lifecycle:lifecycle-livedata:2.0.0] AndroidManifest.xml:20:5-44
MERGED from [androidx.lifecycle:lifecycle-livedata-core:2.0.0] AndroidManifest.xml:20:5-44
MERGED from [androidx.lifecycle:lifecycle-livedata-core:2.0.0] AndroidManifest.xml:20:5-44
MERGED from [androidx.arch.core:core-runtime:2.0.0] AndroidManifest.xml:20:5-44
MERGED from [androidx.arch.core:core-runtime:2.0.0] AndroidManifest.xml:20:5-44
MERGED from [androidx.lifecycle:lifecycle-runtime:2.0.0] AndroidManifest.xml:20:5-44
MERGED from [androidx.lifecycle:lifecycle-runtime:2.0.0] AndroidManifest.xml:20:5-44
MERGED from [com.kailashdabhi:om-recorder:1.1.0] AndroidManifest.xml:5:5-7:41
MERGED from [com.kailashdabhi:om-recorder:1.1.0] AndroidManifest.xml:5:5-7:41
MERGED from [io.michaelrocks:libphonenumber-android:8.9.14] AndroidManifest.xml:7:5-9:41
MERGED from [io.michaelrocks:libphonenumber-android:8.9.14] AndroidManifest.xml:7:5-9:41
INJECTED from src\main\AndroidManifest.xml
INJECTED from src\main\AndroidManifest.xml
	android:targetSdkVersion
		INJECTED from src\main\AndroidManifest.xml
		ADDED from src\main\AndroidManifest.xml
		INJECTED from src\main\AndroidManifest.xml
	android:minSdkVersion
		INJECTED from src\main\AndroidManifest.xml
		ADDED from src\main\AndroidManifest.xml
		INJECTED from src\main\AndroidManifest.xml
activity#cafe.adriel.androidaudiorecorder.AudioRecorderActivity
ADDED from [:lib] AndroidManifest.xml:12:9-15:54
	android:screenOrientation
		ADDED from [:lib] AndroidManifest.xml:14:13-49
	android:theme
		ADDED from [:lib] AndroidManifest.xml:15:13-51
	android:name
		ADDED from [:lib] AndroidManifest.xml:13:13-82
provider#com.squareup.picasso.PicassoProvider
ADDED from [com.squareup.picasso:picasso:2.71828] AndroidManifest.xml:8:9-11:40
	android:authorities
		ADDED from [com.squareup.picasso:picasso:2.71828] AndroidManifest.xml:10:13-72
	android:exported
		ADDED from [com.squareup.picasso:picasso:2.71828] AndroidManifest.xml:11:13-37
	android:name
		ADDED from [com.squareup.picasso:picasso:2.71828] AndroidManifest.xml:9:13-64
uses-permission#android.permission.ACCESS_WIFI_STATE
ADDED from [com.amazonaws:aws-android-sdk-auth-userpools:2.9.2] AndroidManifest.xml:6:5-75
	android:name
		ADDED from [com.amazonaws:aws-android-sdk-auth-userpools:2.9.2] AndroidManifest.xml:6:22-73
activity#com.amazonaws.mobile.auth.userpools.ForceChangePasswordActivity
ADDED from [com.amazonaws:aws-android-sdk-auth-userpools:2.9.2] AndroidManifest.xml:9:10-269
	android:screenOrientation
		ADDED from [com.amazonaws:aws-android-sdk-auth-userpools:2.9.2] AndroidManifest.xml:9:231-267
	android:label
		ADDED from [com.amazonaws:aws-android-sdk-auth-userpools:2.9.2] AndroidManifest.xml:9:91-151
	android:configChanges
		ADDED from [com.amazonaws:aws-android-sdk-auth-userpools:2.9.2] AndroidManifest.xml:9:20-90
	android:name
		ADDED from [com.amazonaws:aws-android-sdk-auth-userpools:2.9.2] AndroidManifest.xml:9:152-230
activity#com.amazonaws.mobile.auth.userpools.ForgotPasswordActivity
ADDED from [com.amazonaws:aws-android-sdk-auth-userpools:2.9.2] AndroidManifest.xml:10:10-258
	android:screenOrientation
		ADDED from [com.amazonaws:aws-android-sdk-auth-userpools:2.9.2] AndroidManifest.xml:10:220-256
	android:label
		ADDED from [com.amazonaws:aws-android-sdk-auth-userpools:2.9.2] AndroidManifest.xml:10:91-145
	android:configChanges
		ADDED from [com.amazonaws:aws-android-sdk-auth-userpools:2.9.2] AndroidManifest.xml:10:20-90
	android:name
		ADDED from [com.amazonaws:aws-android-sdk-auth-userpools:2.9.2] AndroidManifest.xml:10:146-219
activity#com.amazonaws.mobile.auth.userpools.SignUpActivity
ADDED from [com.amazonaws:aws-android-sdk-auth-userpools:2.9.2] AndroidManifest.xml:11:10-242
	android:screenOrientation
		ADDED from [com.amazonaws:aws-android-sdk-auth-userpools:2.9.2] AndroidManifest.xml:11:204-240
	android:label
		ADDED from [com.amazonaws:aws-android-sdk-auth-userpools:2.9.2] AndroidManifest.xml:11:91-137
	android:configChanges
		ADDED from [com.amazonaws:aws-android-sdk-auth-userpools:2.9.2] AndroidManifest.xml:11:20-90
	android:name
		ADDED from [com.amazonaws:aws-android-sdk-auth-userpools:2.9.2] AndroidManifest.xml:11:138-203
activity#com.amazonaws.mobile.auth.userpools.MFAActivity
ADDED from [com.amazonaws:aws-android-sdk-auth-userpools:2.9.2] AndroidManifest.xml:13:10-235
	android:screenOrientation
		ADDED from [com.amazonaws:aws-android-sdk-auth-userpools:2.9.2] AndroidManifest.xml:13:197-233
	android:label
		ADDED from [com.amazonaws:aws-android-sdk-auth-userpools:2.9.2] AndroidManifest.xml:13:91-133
	android:configChanges
		ADDED from [com.amazonaws:aws-android-sdk-auth-userpools:2.9.2] AndroidManifest.xml:13:20-90
	android:name
		ADDED from [com.amazonaws:aws-android-sdk-auth-userpools:2.9.2] AndroidManifest.xml:13:134-196
activity#com.amazonaws.mobile.auth.userpools.SignUpConfirmActivity